glom: building events: 100
Wait version 1.0 (C) Copyright 2002 Michigan State University all rights reserved
Wait comes with ABSOLUTELY NO WARRANTY;
This is free software, and you are welcome to redistribute it
under certain conditions; See http://www.gnu.org/licenses/gpl.txt
for details
Wait was written by:

Ron Fox
addFragment... timestamp taking a big step back from : 1dc919443e to 15138f02
addFragment... timestamp taking a big step back from : 1dcc0c2904 to 15fa6d46
addFragment... timestamp taking a big step back from : 1dceff0fa0 to 15fab85a
addFragment... timestamp taking a big step back from : 1dceff0fa0 to 1628a512
addFragment... timestamp taking a big step back from : 2636a32b70 to 1de3a33d64
addFragment... timestamp taking a big step back from : 263a259fbc to 1de6961f5a
addFragment... timestamp taking a big step back from : 263cf97baa to 1de6961f5a
addFragment... timestamp taking a big step back from : 263cf97baa to 1de9890ca4
addFragment... timestamp taking a big step back from : 263f81cd82 to 1dec7bffac
addFragment... timestamp taking a big step back from : 264106b0e6 to 1def6ee102
addFragment... timestamp taking a big step back from : 264106b0e6 to 1def6ee102
addFragment... timestamp taking a big step back from : 264106b0e6 to 1df261ccbc
addFragment... timestamp taking a big step back from : 2644d5b35c to 1df554b4b6
addFragment... timestamp taking a big step back from : 2644d5ca90 to 1df8479aee
addFragment... timestamp taking a big step back from : 2644d5ca90 to 1df8479aee
addFragment... timestamp taking a big step back from : 2644d5ca90 to 1dfb3a8ab8
addFragment... timestamp taking a big step back from : 2644de3694 to 1dfe2d79d8
addFragment... timestamp taking a big step back from : 2646beebac to 1dfe2d79d8
addFragment... timestamp taking a big step back from : 2646beebac to 1e012068d0
addFragment... timestamp taking a big step back from : 2647aba49c to 1e0413523c
addFragment... timestamp taking a big step back from : 264813fb96 to 1e07063612
addFragment... timestamp taking a big step back from : 264813fb96 to 1e09f92546
addFragment... timestamp taking a big step back from : 3c85313fbe to 264d2f419e
addFragment... timestamp taking a big step back from : 3c88242678 to 264d2f6a66
addFragment... timestamp taking a big step back from : 3c8b170422 to 264d2f6a66
addFragment... timestamp taking a big step back from : 3c8e09d970 to 264fe8e340
addFragment... timestamp taking a big step back from : 3c90fcbabc to 264fe971c0
addFragment... timestamp taking a big step back from : 3c90fcbabc to 264fe971c0
addFragment... timestamp taking a big step back from : 3c90fcbabc to 26501248ac
addFragment... timestamp taking a big step back from : 3c96e2773c to 2651482566
addFragment... timestamp taking a big step back from : 3c99d55266 to 26514842b2
addFragment... timestamp taking a big step back from : 3c99d55266 to 26514842b2
addFragment... timestamp taking a big step back from : 3c9cc82c32 to 2651b99106
addFragment... timestamp taking a big step back from : 3c9cc82c32 to 2653b6636c
addFragment... timestamp taking a big step back from : 4db26b628c to 3cb16c664e
addFragment... timestamp taking a big step back from : 4db26b628c to 3cb16c664e
addFragment... timestamp taking a big step back from : 4db26b628c to 3cb45f533e
addFragment... timestamp taking a big step back from : 4db4f21b0e to 3cb7523232
addFragment... timestamp taking a big step back from : 4db70604dc to 3cba450a8c
addFragment... timestamp taking a big step back from : 4db70604dc to 3cbd37ecf0
addFragment... timestamp taking a big step back from : 4db7077f38 to 3cc02ad60c
addFragment... timestamp taking a big step back from : 4db7077f38 to 3cc02ad60c
addFragment... timestamp taking a big step back from : 4db7077f38 to 3cc31dbd20
addFragment... timestamp taking a big step back from : 5b416c5a06 to 4db8e0db06
addFragment... timestamp taking a big step back from : 5b445f6924 to 4db8e0db06
addFragment... timestamp taking a big step back from : 5b47527cf2 to 4db990106c
addFragment... timestamp taking a big step back from : 5b4a458b2a to 4dbbac212e
addFragment... timestamp taking a big step back from : 5b4d389db8 to 4dbbac212e
addFragment... timestamp taking a big step back from : 5b4d389db8 to 4dbbb1275a
addFragment... timestamp taking a big step back from : 5b502bb348 to 4dbbf4f23c
addFragment... timestamp taking a big step back from : 5b531ec28e to 4dbcfed026
addFragment... timestamp taking a big step back from : 5b531ec28e to 4dbcfed026
addFragment... timestamp taking a big step back from : 5b531ec28e to 4dbe0110e2
addFragment... timestamp taking a big step back from : 5b5904cd60 to 4dc12b9f3a
addFragment... timestamp taking a big step back from : 5b5bf7d0a8 to 4dc12b9f3a
addFragment... timestamp taking a big step back from : 5b5eeade0e to 4dc12c79c8
addFragment... timestamp taking a big step back from : 5b61dded0e to 4dc12ebbc0
addFragment... timestamp taking a big step back from : 5b64d0fa6a to 4dc12ebbc0
addFragment... timestamp taking a big step back from : 5b64d0fa6a to 4dc44cc50e
addFragment... timestamp taking a big step back from : 5b67c409a6 to 4dc47079e0
addFragment... timestamp taking a big step back from : 5b6ab71d4c to 4dc4c3b98e
addFragment... timestamp taking a big step back from : 5b6ab71d4c to 4dc4c3b98e
addFragment... timestamp taking a big step back from : 5b6ab71d4c to 4dc5fe593a
addFragment... timestamp taking a big step back from : 5b6daa175c to 4dcca32770
addFragment... timestamp taking a big step back from : 79fd445e90 to 7646a5af84
addFragment... timestamp taking a big step back from : 79fd445e90 to 7646a5af84
addFragment... timestamp taking a big step back from : 7a003740fe to 7647c4bcb6
addFragment... timestamp taking a big step back from : 7a032a1b42 to 76487b8874
addFragment... timestamp taking a big step back from : 7a061cf7d4 to 76487b8874
addFragment... timestamp taking a big step back from : 7a090fd6be to 764891c5b2
addFragment... timestamp taking a big step back from : 7a0c02b508 to 7648979d98
addFragment... timestamp taking a big step back from : 7a0ef5971c to 7648979d98
addFragment... timestamp taking a big step back from : 7a0ef5971c to 764920b574
addFragment... timestamp taking a big step back from : 7a11e88448 to 7649364f7e
addFragment... timestamp taking a big step back from : 7a14db6ecc to 764d8914bc
addFragment... timestamp taking a big step back from : 7a14db6ecc to 764d8914bc
addFragment... timestamp taking a big step back from : 7a17ce4b90 to 764d89a7f6
addFragment... timestamp taking a big step back from : 7a1ac12be2 to 764dff224c
addFragment... timestamp taking a big step back from : 7a1db40d06 to 764dff224c
addFragment... timestamp taking a big step back from : 7a20a6ea42 to 764ef3bd52
addFragment... timestamp taking a big step back from : 7a2399c9fe to 764ef4677a
addFragment... timestamp taking a big step back from : 7a268cb4fa to 764ef4677a
addFragment... timestamp taking a big step back from : 7a268cb4fa to 7650d429fe
addFragment... timestamp taking a big step back from : 7a297f9786 to 76516729f2
addFragment... timestamp taking a big step back from : 7a2c726a0e to 7652e71008
addFragment... timestamp taking a big step back from : 7a2c726a0e to 7652e71008
addFragment... timestamp taking a big step back from : 7a2f654fc4 to 7652e7dac4
addFragment... timestamp taking a big step back from : 7a32583390 to 7652eb5dfc
addFragment... timestamp taking a big step back from : 7a354b1b9e to 7652eb5dfc
addFragment... timestamp taking a big step back from : 7a383dfeac to 7655c71c32
addFragment... timestamp taking a big step back from : 7a3b30da94 to 7655c910b4
addFragment... timestamp taking a big step back from : 98b922a8d8 to 7656391828
addFragment... timestamp taking a big step back from : 9d9659d592 to 98cdc6a8ca
addFragment... timestamp taking a big step back from : 9d965aaee0 to 98d0b9920e
addFragment... timestamp taking a big step back from : 9d965aaee0 to 98d3ac6f18
addFragment... timestamp taking a big step back from : 9d9a8f079a to 98d69f4c18
addFragment... timestamp taking a big step back from : 9d9d400764 to 98d69f4c18
addFragment... timestamp taking a big step back from : 9d9d400764 to 98d9922cd8
addFragment... timestamp taking a big step back from : 9d9d40a25a to 98dc850b04
addFragment... timestamp taking a big step back from : 9da07f7612 to 98df77eb06
addFragment... timestamp taking a big step back from : 9da099db24 to 98df77eb06
addFragment... timestamp taking a big step back from : 9da099db24 to 98e26accde
addFragment... timestamp taking a big step back from : 9da34957aa to 98e55daa9c
addFragment... timestamp taking a big step back from : 9da38bee26 to 98e85089c2
addFragment... timestamp taking a big step back from : 9da38bee26 to 98eb437248
addFragment... timestamp taking a big step back from : 9da39a4eee to 98ee36592a
addFragment... timestamp taking a big step back from : 9da531ba3a to 98ee36592a
addFragment... timestamp taking a big step back from : 9da531ba3a to 98f1294138
addFragment... timestamp taking a big step back from : 9da9ec59b8 to 98f41c153c
addFragment... timestamp taking a big step back from : 9daf896640 to 98f70ef106
addFragment... timestamp taking a big step back from : b775257e98 to 9db864c322
addFragment... timestamp taking a big step back from : b7781869e4 to 9db8b9c21e
addFragment... timestamp taking a big step back from : b77b0b50da to 9db8b9c21e
addFragment... timestamp taking a big step back from : b77b0b50da to 9db92ef4da
addFragment... timestamp taking a big step back from : b77dfe46d0 to 9db92eff3e
addFragment... timestamp taking a big step back from : b780f13154 to 9db92eff3e
addFragment... timestamp taking a big step back from : b783e416f6 to 9dbf4b426a
addFragment... timestamp taking a big step back from : b786d6ff5e to 9dc133fc84
addFragment... timestamp taking a big step back from : c58e20d6a0 to b798888ed4
addFragment... timestamp taking a big step back from : c58e20d6a0 to b79b7b7534
addFragment... timestamp taking a big step back from : c590fce896 to b79e6e57c0
addFragment... timestamp taking a big step back from : c591f50256 to b7a1613f06
addFragment... timestamp taking a big step back from : c591f50256 to b7a1613f06
addFragment... timestamp taking a big step back from : c591f50256 to b7a45423f4
addFragment... timestamp taking a big step back from : c594a9a060 to b7a7471008
addFragment... timestamp taking a big step back from : c595ca8018 to b7aa3a0676
addFragment... timestamp taking a big step back from : c595ca8018 to b7aa3a0676
addFragment... timestamp taking a big step back from : c595ca8018 to b7ad2cff0a
addFragment... timestamp taking a big step back from : c59d958bda to b7b01ff29e
addFragment... timestamp taking a big step back from : c59d95defa to b7b01ff29e
addFragment... timestamp taking a big step back from : c59d95defa to b7b312eaec
addFragment... timestamp taking a big step back from : c59d95defa to b7b605e81c
addFragment... timestamp taking a big step back from : d630a3d8e0 to c5a8e509c0
addFragment... timestamp taking a big step back from : d63396c152 to c5a98b63ce
addFragment... timestamp taking a big step back from : d63396c152 to c5a98b63ce
addFragment... timestamp taking a big step back from : d63689a3f2 to c5aa67b2a2
addFragment... timestamp taking a big step back from : d6397c823c to c5aa67bb44
addFragment... timestamp taking a big step back from : d63c6f6432 to c5aa67bb44
addFragment... timestamp taking a big step back from : d63f624e84 to c5ab655fce
addFragment... timestamp taking a big step back from : d642552454 to c5ac00ad44
addFragment... timestamp taking a big step back from : d642552454 to c5ac00ad44
addFragment... timestamp taking a big step back from : d642552454 to c5ad156706
addFragment... timestamp taking a big step back from : d6483ae4e4 to c5ad1586e6
addFragment... timestamp taking a big step back from : d64b2dc446 to c5aeed7c80
addFragment... timestamp taking a big step back from : d64b2dc446 to c5aeed7c80
addFragment... timestamp taking a big step back from : d64e20adc6 to c5b27c3972
addFragment... timestamp taking a big step back from : d6511398ea to c5b3d05a1a
addFragment... timestamp taking a big step back from : d654067108 to c5b3d05a1a
addFragment... timestamp taking a big step back from : d654067108 to c5b4c11158
addFragment... timestamp taking a big step back from : ece7fad046 to d668aa917a
addFragment... timestamp taking a big step back from : eceac3963c to d66b9d6c86
addFragment... timestamp taking a big step back from : eceac3963c to d66e904bd4
glom: EOF on input
